This file contains any messages produced by compilers while
running configure, to aid debugging if configure makes a mistake.

It was created by zettair configure 0.9.3, which was
generated by GNU Autoconf 2.59.  Invocation command line was

  $ ./configure 

## --------- ##
## Platform. ##
## --------- ##

hostname = Thor
uname -m = x86_64
uname -r = 4.4.0-103-generic
uname -s = Linux
uname -v = #126-Ubuntu SMP Mon Dec 4 16:23:28 UTC 2017

/usr/bin/uname -p = unknown
/bin/uname -X     = unknown

/bin/arch              = unknown
/usr/bin/arch -k       = unknown
/usr/convex/getsysinfo = unknown
hostinfo               = unknown
/bin/machine           = unknown
/usr/bin/oslevel       = unknown
/bin/universe          = unknown

PATH: PATH=/usr/local/zettair/bin
PATH: /home/rgaio/anaconda2/bin
PATH: /home/rgaio/bin
PATH: /home/rgaio/.local/bin
PATH: /usr/local/sbin
PATH: /usr/local/bin
PATH: /usr/sbin
PATH: /usr/bin
PATH: /sbin
PATH: /bin
PATH: /usr/games
PATH: /usr/local/games
PATH: /snap/bin
PATH: /home/rgaio/anaconda2/bin
PATH: /home/rgaio/bin
PATH: /home/rgaio/.local/bin
PATH: /usr/local/sbin
PATH: /usr/local/bin
PATH: /usr/sbin
PATH: /usr/bin
PATH: /sbin
PATH: /bin
PATH: /usr/games
PATH: /usr/local/games
PATH: /snap/bin


## ----------- ##
## Core tests. ##
## ----------- ##

configure:1547: checking build system type
configure:1565: result: x86_64-unknown-linux-gnu
configure:1573: checking host system type
configure:1587: result: x86_64-unknown-linux-gnu
configure:1595: checking target system type
configure:1609: result: x86_64-unknown-linux-gnu
configure:2115: checking for a BSD-compatible install
configure:2170: result: /usr/bin/install -c
configure:2181: checking whether build environment is sane
configure:2224: result: yes
configure:2289: checking for gawk
configure:2318: result: no
configure:2289: checking for mawk
configure:2305: found /usr/bin/mawk
configure:2315: result: mawk
configure:2325: checking whether make sets $(MAKE)
configure:2345: result: yes
configure:2561: checking for style of include used by make
configure:2589: result: GNU
configure:2660: checking for gcc
configure:2676: found /usr/bin/gcc
configure:2686: result: gcc
configure:2930: checking for C compiler version
configure:2933: gcc --version </dev/null >&5
gcc (Ubuntu 5.4.0-6ubuntu1~16.04.5) 5.4.0 20160609
Copyright (C) 2015 Free Software Foundation, Inc.
This is free software; see the source for copying conditions.  There is NO
warranty; not even for MERCHANTABILITY or FITNESS FOR A PARTICULAR PURPOSE.

configure:2936: $? = 0
configure:2938: gcc -v </dev/null >&5
Using built-in specs.
COLLECT_GCC=gcc
COLLECT_LTO_WRAPPER=/usr/lib/gcc/x86_64-linux-gnu/5/lto-wrapper
Target: x86_64-linux-gnu
Configured with: ../src/configure -v --with-pkgversion='Ubuntu 5.4.0-6ubuntu1~16.04.5' --with-bugurl=file:///usr/share/doc/gcc-5/README.Bugs --enable-languages=c,ada,c++,java,go,d,fortran,objc,obj-c++ --prefix=/usr --program-suffix=-5 --enable-shared --enable-linker-build-id --libexecdir=/usr/lib --without-included-gettext --enable-threads=posix --libdir=/usr/lib --enable-nls --with-sysroot=/ --enable-clocale=gnu --enable-libstdcxx-debug --enable-libstdcxx-time=yes --with-default-libstdcxx-abi=new --enable-gnu-unique-object --disable-vtable-verify --enable-libmpx --enable-plugin --with-system-zlib --disable-browser-plugin --enable-java-awt=gtk --enable-gtk-cairo --with-java-home=/usr/lib/jvm/java-1.5.0-gcj-5-amd64/jre --enable-java-home --with-jvm-root-dir=/usr/lib/jvm/java-1.5.0-gcj-5-amd64 --with-jvm-jar-dir=/usr/lib/jvm-exports/java-1.5.0-gcj-5-amd64 --with-arch-directory=amd64 --with-ecj-jar=/usr/share/java/eclipse-ecj.jar --enable-objc-gc --enable-multiarch --disable-werror --with-arch-32=i686 --with-abi=m64 --with-multilib-list=m32,m64,mx32 --enable-multilib --with-tune=generic --enable-checking=release --build=x86_64-linux-gnu --host=x86_64-linux-gnu --target=x86_64-linux-gnu
Thread model: posix
gcc version 5.4.0 20160609 (Ubuntu 5.4.0-6ubuntu1~16.04.5) 
configure:2941: $? = 0
configure:2943: gcc -V </dev/null >&5
gcc: error: unrecognized command line option '-V'
gcc: fatal error: no input files
compilation terminated.
configure:2946: $? = 1
configure:2969: checking for C compiler default output file name
configure:2972: gcc    conftest.c  >&5
configure:2975: $? = 0
configure:3021: result: a.out
configure:3026: checking whether the C compiler works
configure:3032: ./a.out
configure:3035: $? = 0
configure:3052: result: yes
configure:3059: checking whether we are cross compiling
configure:3061: result: no
configure:3064: checking for suffix of executables
configure:3066: gcc -o conftest    conftest.c  >&5
configure:3069: $? = 0
configure:3094: result: 
configure:3100: checking for suffix of object files
configure:3121: gcc -c   conftest.c >&5
configure:3124: $? = 0
configure:3146: result: o
configure:3150: checking whether we are using the GNU C compiler
configure:3174: gcc -c   conftest.c >&5
configure:3180: $? = 0
configure:3184: test -z 
			 || test ! -s conftest.err
configure:3187: $? = 0
configure:3190: test -s conftest.o
configure:3193: $? = 0
configure:3206: result: yes
configure:3212: checking whether gcc accepts -g
configure:3233: gcc -c -g  conftest.c >&5
configure:3239: $? = 0
configure:3243: test -z 
			 || test ! -s conftest.err
configure:3246: $? = 0
configure:3249: test -s conftest.o
configure:3252: $? = 0
configure:3263: result: yes
configure:3280: checking for gcc option to accept ANSI C
configure:3350: gcc  -c -g -O2  conftest.c >&5
configure:3356: $? = 0
configure:3360: test -z 
			 || test ! -s conftest.err
configure:3363: $? = 0
configure:3366: test -s conftest.o
configure:3369: $? = 0
configure:3387: result: none needed
configure:3405: gcc -c -g -O2  conftest.c >&5
conftest.c:2:3: error: unknown type name 'choke'
   choke me
   ^
conftest.c:2:3: error: expected '=', ',', ';', 'asm' or '__attribute__' at end of input
configure:3411: $? = 1
configure: failed program was:
| #ifndef __cplusplus
|   choke me
| #endif
configure:3546: checking dependency style of gcc
configure:3636: result: gcc3
configure:3654: checking whether gcc and cc understand -c and -o together
configure:3684: gcc -c conftest.c -o conftest.o >&5
configure:3687: $? = 0
configure:3689: gcc -c conftest.c -o conftest.o >&5
configure:3692: $? = 0
configure:3699: cc -c conftest.c >&5
configure:3702: $? = 0
configure:3705: cc -c conftest.c -o conftest.o >&5
configure:3708: $? = 0
configure:3710: cc -c conftest.c -o conftest.o >&5
configure:3713: $? = 0
configure:3731: result: yes
configure:3802: checking for gcc
configure:3828: result: gcc
configure:4072: checking for C compiler version
configure:4075: gcc --version </dev/null >&5
gcc (Ubuntu 5.4.0-6ubuntu1~16.04.5) 5.4.0 20160609
Copyright (C) 2015 Free Software Foundation, Inc.
This is free software; see the source for copying conditions.  There is NO
warranty; not even for MERCHANTABILITY or FITNESS FOR A PARTICULAR PURPOSE.

configure:4078: $? = 0
configure:4080: gcc -v </dev/null >&5
Using built-in specs.
COLLECT_GCC=gcc
COLLECT_LTO_WRAPPER=/usr/lib/gcc/x86_64-linux-gnu/5/lto-wrapper
Target: x86_64-linux-gnu
Configured with: ../src/configure -v --with-pkgversion='Ubuntu 5.4.0-6ubuntu1~16.04.5' --with-bugurl=file:///usr/share/doc/gcc-5/README.Bugs --enable-languages=c,ada,c++,java,go,d,fortran,objc,obj-c++ --prefix=/usr --program-suffix=-5 --enable-shared --enable-linker-build-id --libexecdir=/usr/lib --without-included-gettext --enable-threads=posix --libdir=/usr/lib --enable-nls --with-sysroot=/ --enable-clocale=gnu --enable-libstdcxx-debug --enable-libstdcxx-time=yes --with-default-libstdcxx-abi=new --enable-gnu-unique-object --disable-vtable-verify --enable-libmpx --enable-plugin --with-system-zlib --disable-browser-plugin --enable-java-awt=gtk --enable-gtk-cairo --with-java-home=/usr/lib/jvm/java-1.5.0-gcj-5-amd64/jre --enable-java-home --with-jvm-root-dir=/usr/lib/jvm/java-1.5.0-gcj-5-amd64 --with-jvm-jar-dir=/usr/lib/jvm-exports/java-1.5.0-gcj-5-amd64 --with-arch-directory=amd64 --with-ecj-jar=/usr/share/java/eclipse-ecj.jar --enable-objc-gc --enable-multiarch --disable-werror --with-arch-32=i686 --with-abi=m64 --with-multilib-list=m32,m64,mx32 --enable-multilib --with-tune=generic --enable-checking=release --build=x86_64-linux-gnu --host=x86_64-linux-gnu --target=x86_64-linux-gnu
Thread model: posix
gcc version 5.4.0 20160609 (Ubuntu 5.4.0-6ubuntu1~16.04.5) 
configure:4083: $? = 0
configure:4085: gcc -V </dev/null >&5
gcc: error: unrecognized command line option '-V'
gcc: fatal error: no input files
compilation terminated.
configure:4088: $? = 1
configure:4091: checking whether we are using the GNU C compiler
configure:4147: result: yes
configure:4153: checking whether gcc accepts -g
configure:4204: result: yes
configure:4221: checking for gcc option to accept ANSI C
configure:4328: result: none needed
configure:4346: gcc -c -g -O2  conftest.c >&5
conftest.c:2:3: error: unknown type name 'choke'
   choke me
   ^
conftest.c:2:3: error: expected '=', ',', ';', 'asm' or '__attribute__' at end of input
configure:4352: $? = 1
configure: failed program was:
| #ifndef __cplusplus
|   choke me
| #endif
configure:4487: checking dependency style of gcc
configure:4577: result: gcc3
configure:4635: checking for ranlib
configure:4651: found /usr/bin/ranlib
configure:4662: result: ranlib
configure:4746: checking for a sed that does not truncate output
configure:4800: result: /bin/sed
configure:4803: checking for egrep
configure:4813: result: grep -E
configure:4829: checking for ld used by gcc
configure:4896: result: /usr/bin/ld
configure:4905: checking if the linker (/usr/bin/ld) is GNU ld
configure:4920: result: yes
configure:4925: checking for /usr/bin/ld option to reload object files
configure:4932: result: -r
configure:4941: checking for BSD-compatible nm
configure:4983: result: /usr/bin/nm -B
configure:4987: checking whether ln -s works
configure:4991: result: yes
configure:4998: checking how to recognise dependent libraries
configure:5181: result: pass_all
configure:5266: gcc -c -g -O2  conftest.c >&5
configure:5269: $? = 0
configure:5395: checking how to run the C preprocessor
configure:5430: gcc -E  conftest.c
configure:5436: $? = 0
configure:5468: gcc -E  conftest.c
conftest.c:11:28: fatal error: ac_nonexistent.h: No such file or directory
compilation terminated.
configure:5474: $? = 1
configure: failed program was:
| /* confdefs.h.  */
| 
| #define PACKAGE_NAME "zettair"
| #define PACKAGE_TARNAME "zettair"
| #define PACKAGE_VERSION "0.9.3"
| #define PACKAGE_STRING "zettair 0.9.3"
| #define PACKAGE_BUGREPORT "zettair@cs.rmit.edu.au"
| #define PACKAGE "zettair"
| #define VERSION "0.9.3"
| /* end confdefs.h.  */
| #include <ac_nonexistent.h>
configure:5513: result: gcc -E
configure:5537: gcc -E  conftest.c
configure:5543: $? = 0
configure:5575: gcc -E  conftest.c
conftest.c:11:28: fatal error: ac_nonexistent.h: No such file or directory
compilation terminated.
configure:5581: $? = 1
configure: failed program was:
| /* confdefs.h.  */
| 
| #define PACKAGE_NAME "zettair"
| #define PACKAGE_TARNAME "zettair"
| #define PACKAGE_VERSION "0.9.3"
| #define PACKAGE_STRING "zettair 0.9.3"
| #define PACKAGE_BUGREPORT "zettair@cs.rmit.edu.au"
| #define PACKAGE "zettair"
| #define VERSION "0.9.3"
| /* end confdefs.h.  */
| #include <ac_nonexistent.h>
configure:5625: checking for ANSI C header files
configure:5650: gcc -c -g -O2  conftest.c >&5
configure:5656: $? = 0
configure:5660: test -z 
			 || test ! -s conftest.err
configure:5663: $? = 0
configure:5666: test -s conftest.o
configure:5669: $? = 0
configure:5758: gcc -o conftest -g -O2   conftest.c  >&5
conftest.c: In function 'main':
conftest.c:28:7: warning: implicit declaration of function 'exit' [-Wimplicit-function-declaration]
       exit(2);
       ^
conftest.c:28:7: warning: incompatible implicit declaration of built-in function 'exit'
conftest.c:28:7: note: include '<stdlib.h>' or provide a declaration of 'exit'
conftest.c:29:3: warning: incompatible implicit declaration of built-in function 'exit'
   exit (0);
   ^
conftest.c:29:3: note: include '<stdlib.h>' or provide a declaration of 'exit'
configure:5761: $? = 0
configure:5763: ./conftest
configure:5766: $? = 0
configure:5781: result: yes
configure:5805: checking for sys/types.h
configure:5821: gcc -c -g -O2  conftest.c >&5
configure:5827: $? = 0
configure:5831: test -z 
			 || test ! -s conftest.err
configure:5834: $? = 0
configure:5837: test -s conftest.o
configure:5840: $? = 0
configure:5851: result: yes
configure:5805: checking for sys/stat.h
configure:5821: gcc -c -g -O2  conftest.c >&5
configure:5827: $? = 0
configure:5831: test -z 
			 || test ! -s conftest.err
configure:5834: $? = 0
configure:5837: test -s conftest.o
configure:5840: $? = 0
configure:5851: result: yes
configure:5805: checking for stdlib.h
configure:5821: gcc -c -g -O2  conftest.c >&5
configure:5827: $? = 0
configure:5831: test -z 
			 || test ! -s conftest.err
configure:5834: $? = 0
configure:5837: test -s conftest.o
configure:5840: $? = 0
configure:5851: result: yes
configure:5805: checking for string.h
configure:5821: gcc -c -g -O2  conftest.c >&5
configure:5827: $? = 0
configure:5831: test -z 
			 || test ! -s conftest.err
configure:5834: $? = 0
configure:5837: test -s conftest.o
configure:5840: $? = 0
configure:5851: result: yes
configure:5805: checking for memory.h
configure:5821: gcc -c -g -O2  conftest.c >&5
configure:5827: $? = 0
configure:5831: test -z 
			 || test ! -s conftest.err
configure:5834: $? = 0
configure:5837: test -s conftest.o
configure:5840: $? = 0
configure:5851: result: yes
configure:5805: checking for strings.h
configure:5821: gcc -c -g -O2  conftest.c >&5
configure:5827: $? = 0
configure:5831: test -z 
			 || test ! -s conftest.err
configure:5834: $? = 0
configure:5837: test -s conftest.o
configure:5840: $? = 0
configure:5851: result: yes
configure:5805: checking for inttypes.h
configure:5821: gcc -c -g -O2  conftest.c >&5
configure:5827: $? = 0
configure:5831: test -z 
			 || test ! -s conftest.err
configure:5834: $? = 0
configure:5837: test -s conftest.o
configure:5840: $? = 0
configure:5851: result: yes
configure:5805: checking for stdint.h
configure:5821: gcc -c -g -O2  conftest.c >&5
configure:5827: $? = 0
configure:5831: test -z 
			 || test ! -s conftest.err
configure:5834: $? = 0
configure:5837: test -s conftest.o
configure:5840: $? = 0
configure:5851: result: yes
configure:5805: checking for unistd.h
configure:5821: gcc -c -g -O2  conftest.c >&5
configure:5827: $? = 0
configure:5831: test -z 
			 || test ! -s conftest.err
configure:5834: $? = 0
configure:5837: test -s conftest.o
configure:5840: $? = 0
configure:5851: result: yes
configure:5877: checking dlfcn.h usability
configure:5889: gcc -c -g -O2  conftest.c >&5
configure:5895: $? = 0
configure:5899: test -z 
			 || test ! -s conftest.err
configure:5902: $? = 0
configure:5905: test -s conftest.o
configure:5908: $? = 0
configure:5918: result: yes
configure:5922: checking dlfcn.h presence
configure:5932: gcc -E  conftest.c
configure:5938: $? = 0
configure:5958: result: yes
configure:5993: checking for dlfcn.h
configure:6000: result: yes
configure:6065: checking for g++
configure:6081: found /usr/bin/g++
configure:6091: result: g++
configure:6107: checking for C++ compiler version
configure:6110: g++ --version </dev/null >&5
g++ (Ubuntu 5.4.0-6ubuntu1~16.04.5) 5.4.0 20160609
Copyright (C) 2015 Free Software Foundation, Inc.
This is free software; see the source for copying conditions.  There is NO
warranty; not even for MERCHANTABILITY or FITNESS FOR A PARTICULAR PURPOSE.

configure:6113: $? = 0
configure:6115: g++ -v </dev/null >&5
Using built-in specs.
COLLECT_GCC=g++
COLLECT_LTO_WRAPPER=/usr/lib/gcc/x86_64-linux-gnu/5/lto-wrapper
Target: x86_64-linux-gnu
Configured with: ../src/configure -v --with-pkgversion='Ubuntu 5.4.0-6ubuntu1~16.04.5' --with-bugurl=file:///usr/share/doc/gcc-5/README.Bugs --enable-languages=c,ada,c++,java,go,d,fortran,objc,obj-c++ --prefix=/usr --program-suffix=-5 --enable-shared --enable-linker-build-id --libexecdir=/usr/lib --without-included-gettext --enable-threads=posix --libdir=/usr/lib --enable-nls --with-sysroot=/ --enable-clocale=gnu --enable-libstdcxx-debug --enable-libstdcxx-time=yes --with-default-libstdcxx-abi=new --enable-gnu-unique-object --disable-vtable-verify --enable-libmpx --enable-plugin --with-system-zlib --disable-browser-plugin --enable-java-awt=gtk --enable-gtk-cairo --with-java-home=/usr/lib/jvm/java-1.5.0-gcj-5-amd64/jre --enable-java-home --with-jvm-root-dir=/usr/lib/jvm/java-1.5.0-gcj-5-amd64 --with-jvm-jar-dir=/usr/lib/jvm-exports/java-1.5.0-gcj-5-amd64 --with-arch-directory=amd64 --with-ecj-jar=/usr/share/java/eclipse-ecj.jar --enable-objc-gc --enable-multiarch --disable-werror --with-arch-32=i686 --with-abi=m64 --with-multilib-list=m32,m64,mx32 --enable-multilib --with-tune=generic --enable-checking=release --build=x86_64-linux-gnu --host=x86_64-linux-gnu --target=x86_64-linux-gnu
Thread model: posix
gcc version 5.4.0 20160609 (Ubuntu 5.4.0-6ubuntu1~16.04.5) 
configure:6118: $? = 0
configure:6120: g++ -V </dev/null >&5
g++: error: unrecognized command line option '-V'
g++: fatal error: no input files
compilation terminated.
configure:6123: $? = 1
configure:6126: checking whether we are using the GNU C++ compiler
configure:6150: g++ -c   conftest.cc >&5
configure:6156: $? = 0
configure:6160: test -z 
			 || test ! -s conftest.err
configure:6163: $? = 0
configure:6166: test -s conftest.o
configure:6169: $? = 0
configure:6182: result: yes
configure:6188: checking whether g++ accepts -g
configure:6209: g++ -c -g  conftest.cc >&5
configure:6215: $? = 0
configure:6219: test -z 
			 || test ! -s conftest.err
configure:6222: $? = 0
configure:6225: test -s conftest.o
configure:6228: $? = 0
configure:6239: result: yes
configure:6281: g++ -c -g -O2  conftest.cc >&5
configure:6287: $? = 0
configure:6291: test -z 
			 || test ! -s conftest.err
configure:6294: $? = 0
configure:6297: test -s conftest.o
configure:6300: $? = 0
configure:6326: g++ -c -g -O2  conftest.cc >&5
conftest.cc: In function 'int main()':
conftest.cc:26:9: error: 'exit' was not declared in this scope
 exit (42);
         ^
configure:6332: $? = 1
configure: failed program was:
| /* confdefs.h.  */
| 
| #define PACKAGE_NAME "zettair"
| #define PACKAGE_TARNAME "zettair"
| #define PACKAGE_VERSION "0.9.3"
| #define PACKAGE_STRING "zettair 0.9.3"
| #define PACKAGE_BUGREPORT "zettair@cs.rmit.edu.au"
| #define PACKAGE "zettair"
| #define VERSION "0.9.3"
| #define STDC_HEADERS 1
| #define HAVE_SYS_TYPES_H 1
| #define HAVE_SYS_STAT_H 1
| #define HAVE_STDLIB_H 1
| #define HAVE_STRING_H 1
| #define HAVE_MEMORY_H 1
| #define HAVE_STRINGS_H 1
| #define HAVE_INTTYPES_H 1
| #define HAVE_STDINT_H 1
| #define HAVE_UNISTD_H 1
| #define HAVE_DLFCN_H 1
| /* end confdefs.h.  */
| 
| int
| main ()
| {
| exit (42);
|   ;
|   return 0;
| }
configure:6281: g++ -c -g -O2  conftest.cc >&5
conftest.cc:22:40: error: 'void std::exit(int)' should have been declared inside 'std'
 extern "C" void std::exit (int) throw (); using std::exit;
                                        ^
configure:6287: $? = 1
configure: failed program was:
| /* confdefs.h.  */
| 
| #define PACKAGE_NAME "zettair"
| #define PACKAGE_TARNAME "zettair"
| #define PACKAGE_VERSION "0.9.3"
| #define PACKAGE_STRING "zettair 0.9.3"
| #define PACKAGE_BUGREPORT "zettair@cs.rmit.edu.au"
| #define PACKAGE "zettair"
| #define VERSION "0.9.3"
| #define STDC_HEADERS 1
| #define HAVE_SYS_TYPES_H 1
| #define HAVE_SYS_STAT_H 1
| #define HAVE_STDLIB_H 1
| #define HAVE_STRING_H 1
| #define HAVE_MEMORY_H 1
| #define HAVE_STRINGS_H 1
| #define HAVE_INTTYPES_H 1
| #define HAVE_STDINT_H 1
| #define HAVE_UNISTD_H 1
| #define HAVE_DLFCN_H 1
| /* end confdefs.h.  */
| extern "C" void std::exit (int) throw (); using std::exit;
| #include <stdlib.h>
| int
| main ()
| {
| exit (42);
|   ;
|   return 0;
| }
configure:6281: g++ -c -g -O2  conftest.cc >&5
conftest.cc:22:31: error: 'void std::exit(int)' should have been declared inside 'std'
 extern "C" void std::exit (int); using std::exit;
                               ^
In file included from conftest.cc:23:0:
/usr/include/stdlib.h:543:70: error: declaration of 'void std::exit(int) throw ()' has a different exception specifier
 extern void exit (int __status) __THROW __attribute__ ((__noreturn__));
                                                                      ^
conftest.cc:22:17: error: from previous declaration 'void std::exit(int)'
 extern "C" void std::exit (int); using std::exit;
                 ^
configure:6287: $? = 1
configure: failed program was:
| /* confdefs.h.  */
| 
| #define PACKAGE_NAME "zettair"
| #define PACKAGE_TARNAME "zettair"
| #define PACKAGE_VERSION "0.9.3"
| #define PACKAGE_STRING "zettair 0.9.3"
| #define PACKAGE_BUGREPORT "zettair@cs.rmit.edu.au"
| #define PACKAGE "zettair"
| #define VERSION "0.9.3"
| #define STDC_HEADERS 1
| #define HAVE_SYS_TYPES_H 1
| #define HAVE_SYS_STAT_H 1
| #define HAVE_STDLIB_H 1
| #define HAVE_STRING_H 1
| #define HAVE_MEMORY_H 1
| #define HAVE_STRINGS_H 1
| #define HAVE_INTTYPES_H 1
| #define HAVE_STDINT_H 1
| #define HAVE_UNISTD_H 1
| #define HAVE_DLFCN_H 1
| /* end confdefs.h.  */
| extern "C" void std::exit (int); using std::exit;
| #include <stdlib.h>
| int
| main ()
| {
| exit (42);
|   ;
|   return 0;
| }
configure:6281: g++ -c -g -O2  conftest.cc >&5
configure:6287: $? = 0
configure:6291: test -z 
			 || test ! -s conftest.err
configure:6294: $? = 0
configure:6297: test -s conftest.o
configure:6300: $? = 0
configure:6326: g++ -c -g -O2  conftest.cc >&5
configure:6332: $? = 0
configure:6336: test -z 
			 || test ! -s conftest.err
configure:6339: $? = 0
configure:6342: test -s conftest.o
configure:6345: $? = 0
configure:6370: checking dependency style of g++
configure:6460: result: gcc3
configure:6482: checking how to run the C++ preprocessor
configure:6513: g++ -E  conftest.cc
configure:6519: $? = 0
configure:6551: g++ -E  conftest.cc
conftest.cc:25:28: fatal error: ac_nonexistent.h: No such file or directory
compilation terminated.
configure:6557: $? = 1
configure: failed program was:
| /* confdefs.h.  */
| 
| #define PACKAGE_NAME "zettair"
| #define PACKAGE_TARNAME "zettair"
| #define PACKAGE_VERSION "0.9.3"
| #define PACKAGE_STRING "zettair 0.9.3"
| #define PACKAGE_BUGREPORT "zettair@cs.rmit.edu.au"
| #define PACKAGE "zettair"
| #define VERSION "0.9.3"
| #define STDC_HEADERS 1
| #define HAVE_SYS_TYPES_H 1
| #define HAVE_SYS_STAT_H 1
| #define HAVE_STDLIB_H 1
| #define HAVE_STRING_H 1
| #define HAVE_MEMORY_H 1
| #define HAVE_STRINGS_H 1
| #define HAVE_INTTYPES_H 1
| #define HAVE_STDINT_H 1
| #define HAVE_UNISTD_H 1
| #define HAVE_DLFCN_H 1
| #ifdef __cplusplus
| extern "C" void exit (int) throw ();
| #endif
| /* end confdefs.h.  */
| #include <ac_nonexistent.h>
configure:6596: result: g++ -E
configure:6620: g++ -E  conftest.cc
configure:6626: $? = 0
configure:6658: g++ -E  conftest.cc
conftest.cc:25:28: fatal error: ac_nonexistent.h: No such file or directory
compilation terminated.
configure:6664: $? = 1
configure: failed program was:
| /* confdefs.h.  */
| 
| #define PACKAGE_NAME "zettair"
| #define PACKAGE_TARNAME "zettair"
| #define PACKAGE_VERSION "0.9.3"
| #define PACKAGE_STRING "zettair 0.9.3"
| #define PACKAGE_BUGREPORT "zettair@cs.rmit.edu.au"
| #define PACKAGE "zettair"
| #define VERSION "0.9.3"
| #define STDC_HEADERS 1
| #define HAVE_SYS_TYPES_H 1
| #define HAVE_SYS_STAT_H 1
| #define HAVE_STDLIB_H 1
| #define HAVE_STRING_H 1
| #define HAVE_MEMORY_H 1
| #define HAVE_STRINGS_H 1
| #define HAVE_INTTYPES_H 1
| #define HAVE_STDINT_H 1
| #define HAVE_UNISTD_H 1
| #define HAVE_DLFCN_H 1
| #ifdef __cplusplus
| extern "C" void exit (int) throw ();
| #endif
| /* end confdefs.h.  */
| #include <ac_nonexistent.h>
configure:6759: checking for g77
configure:6788: result: no
configure:6759: checking for f77
configure:6788: result: no
configure:6759: checking for xlf
configure:6788: result: no
configure:6759: checking for frt
configure:6788: result: no
configure:6759: checking for pgf77
configure:6788: result: no
configure:6759: checking for fort77
configure:6788: result: no
configure:6759: checking for fl32
configure:6788: result: no
configure:6759: checking for af77
configure:6788: result: no
configure:6759: checking for f90
configure:6788: result: no
configure:6759: checking for xlf90
configure:6788: result: no
configure:6759: checking for pgf90
configure:6788: result: no
configure:6759: checking for epcf90
configure:6788: result: no
configure:6759: checking for f95
configure:6788: result: no
configure:6759: checking for fort
configure:6788: result: no
configure:6759: checking for xlf95
configure:6788: result: no
configure:6759: checking for ifc
configure:6788: result: no
configure:6759: checking for efc
configure:6788: result: no
configure:6759: checking for pgf95
configure:6788: result: no
configure:6759: checking for lf95
configure:6788: result: no
configure:6759: checking for gfortran
configure:6788: result: no
configure:6800: checking for Fortran 77 compiler version
configure:6803:  --version </dev/null >&5
./configure: line 6804: --version: command not found
configure:6806: $? = 127
configure:6808:  -v </dev/null >&5
./configure: line 6809: -v: command not found
configure:6811: $? = 127
configure:6813:  -V </dev/null >&5
./configure: line 6814: -V: command not found
configure:6816: $? = 127
configure:6824: checking whether we are using the GNU Fortran 77 compiler
configure:6838:  -c  conftest.F >&5
./configure: line 6839: -c: command not found
configure:6844: $? = 127
configure: failed program was:
|       program main
| #ifndef __GNUC__
|        choke me
| #endif
| 
|       end
configure:6870: result: no
configure:6876: checking whether  accepts -g
configure:6888:  -c -g conftest.f >&5
./configure: line 6889: -c: command not found
configure:6894: $? = 127
configure: failed program was:
|       program main
| 
|       end
configure:6919: result: no
configure:6949: checking the maximum length of command line arguments
configure:7014: result: 32768
configure:7025: checking command to parse /usr/bin/nm -B output from gcc object
configure:7114: gcc -c -g -O2  conftest.c >&5
configure:7117: $? = 0
configure:7121: /usr/bin/nm -B conftest.o \| sed -n -e 's/^.*[ 	]\([ABCDGIRSTW][ABCDGIRSTW]*\)[ 	][ 	]*\(\)\([_A-Za-z][_A-Za-z0-9]*\)$/\1 \2\3 \3/p' \> conftest.nm
configure:7124: $? = 0
configure:7176: gcc -o conftest -g -O2   conftest.c conftstm.o >&5
configure:7179: $? = 0
configure:7217: result: ok
configure:7221: checking for objdir
configure:7236: result: .libs
configure:7326: checking for ar
configure:7342: found /usr/bin/ar
configure:7353: result: ar
configure:7406: checking for ranlib
configure:7433: result: ranlib
configure:7486: checking for strip
configure:7502: found /usr/bin/strip
configure:7513: result: strip
configure:7775: checking if gcc static flag  works
configure:7798: result: yes
configure:7816: checking if gcc supports -fno-rtti -fno-exceptions
configure:7834: gcc -c -g -O2  -fno-rtti -fno-exceptions conftest.c >&5
cc1: warning: command line option '-fno-rtti' is valid for C++/ObjC++ but not for C
configure:7838: $? = 0
configure:7849: result: no
configure:7864: checking for gcc option to produce PIC
configure:8041: result: -fPIC
configure:8049: checking if gcc PIC flag -fPIC works
configure:8067: gcc -c -g -O2  -fPIC -DPIC conftest.c >&5
configure:8071: $? = 0
configure:8082: result: yes
configure:8106: checking if gcc supports -c -o file.o
configure:8127: gcc -c -g -O2  -o out/conftest2.o conftest.c >&5
configure:8131: $? = 0
configure:8151: result: yes
configure:8177: checking whether the gcc linker (/usr/bin/ld -m elf_x86_64) supports shared libraries
configure:9025: result: yes
configure:9051: checking whether -lc should be explicitly linked in
configure:9056: gcc -c -g -O2  conftest.c >&5
configure:9059: $? = 0
configure:9073: gcc -shared conftest.o  -v -Wl,-soname -Wl,conftest -o conftest 2\>\&1 \| grep  -lc  \>/dev/null 2\>\&1
configure:9076: $? = 0
configure:9088: result: no
configure:9096: checking dynamic linker characteristics
configure:9462: gcc -c -g -O2  conftest.c >&5
configure:9465: $? = 0
configure:9657: result: GNU/Linux ld.so
configure:9661: checking how to hardcode library paths into programs
configure:9686: result: immediate
configure:9700: checking whether stripping libraries is possible
configure:9705: result: yes
configure:10535: checking if libtool supports shared libraries
configure:10537: result: yes
configure:10540: checking whether to build shared libraries
configure:10598: result: yes
configure:10601: checking whether to build static libraries
configure:10605: result: yes
configure:10697: creating libtool
configure:11244: checking for ld used by g++
configure:11311: result: /usr/bin/ld -m elf_x86_64
configure:11320: checking if the linker (/usr/bin/ld -m elf_x86_64) is GNU ld
configure:11335: result: yes
configure:11386: checking whether the g++ linker (/usr/bin/ld -m elf_x86_64) supports shared libraries
configure:12214: result: yes
configure:12232: g++ -c -g -O2  conftest.cc >&5
configure:12235: $? = 0
configure:12331: checking for g++ option to produce PIC
configure:12583: result: -fPIC
configure:12591: checking if g++ PIC flag -fPIC works
configure:12609: g++ -c -g -O2  -fPIC -DPIC conftest.cc >&5
configure:12613: $? = 0
configure:12624: result: yes
configure:12648: checking if g++ supports -c -o file.o
configure:12669: g++ -c -g -O2  -o out/conftest2.o conftest.cc >&5
configure:12673: $? = 0
configure:12693: result: yes
configure:12719: checking whether the g++ linker (/usr/bin/ld -m elf_x86_64) supports shared libraries
configure:12744: result: yes
configure:12815: checking dynamic linker characteristics
configure:13181: g++ -c -g -O2  conftest.cc >&5
configure:13184: $? = 0
configure:13376: result: GNU/Linux ld.so
configure:13380: checking how to hardcode library paths into programs
configure:13405: result: immediate
configure:13419: checking whether stripping libraries is possible
configure:13424: result: yes
configure:20733: checking for a Python interpreter with version >= 2.2
configure:20748: python -c import sys, string # split strings by '.' and convert to numeric. Append some zeros # because we need at least 4 digits for the hex conversion. minver = map(int, string.split('2.2', '.')) + [0, 0, 0] minverhex = 0 for i in xrange(0, 4): minverhex = (minverhex << 8) + minver[i] sys.exit(sys.hexversion < minverhex)
configure:20751: $? = 0
configure:20758: result: python
configure:20766: checking for python
configure:20784: found /home/rgaio/anaconda2/bin/python
configure:20796: result: /home/rgaio/anaconda2/bin/python
configure:20813: checking for python version
configure:20820: result: 2.7
configure:20832: checking for python platform
configure:20839: result: linux2
configure:20846: checking for python script directory
configure:20854: result: ${prefix}/lib/python2.7/site-packages
configure:20863: checking for python extension module directory
configure:20871: result: ${exec_prefix}/lib/python2.7/site-packages
configure:20896: checking for ANSI C header files
configure:21052: result: yes
configure:21084: checking fcntl.h usability
configure:21096: gcc -c -g -O2  conftest.c >&5
configure:21102: $? = 0
configure:21106: test -z 
			 || test ! -s conftest.err
configure:21109: $? = 0
configure:21112: test -s conftest.o
configure:21115: $? = 0
configure:21125: result: yes
configure:21129: checking fcntl.h presence
configure:21139: gcc -E  conftest.c
configure:21145: $? = 0
configure:21165: result: yes
configure:21200: checking for fcntl.h
configure:21207: result: yes
configure:21084: checking float.h usability
configure:21096: gcc -c -g -O2  conftest.c >&5
configure:21102: $? = 0
configure:21106: test -z 
			 || test ! -s conftest.err
configure:21109: $? = 0
configure:21112: test -s conftest.o
configure:21115: $? = 0
configure:21125: result: yes
configure:21129: checking float.h presence
configure:21139: gcc -E  conftest.c
configure:21145: $? = 0
configure:21165: result: yes
configure:21200: checking for float.h
configure:21207: result: yes
configure:21084: checking limits.h usability
configure:21096: gcc -c -g -O2  conftest.c >&5
configure:21102: $? = 0
configure:21106: test -z 
			 || test ! -s conftest.err
configure:21109: $? = 0
configure:21112: test -s conftest.o
configure:21115: $? = 0
configure:21125: result: yes
configure:21129: checking limits.h presence
configure:21139: gcc -E  conftest.c
configure:21145: $? = 0
configure:21165: result: yes
configure:21200: checking for limits.h
configure:21207: result: yes
configure:21075: checking for memory.h
configure:21080: result: yes
configure:21075: checking for stdlib.h
configure:21080: result: yes
configure:21075: checking for string.h
configure:21080: result: yes
configure:21075: checking for strings.h
configure:21080: result: yes
configure:21084: checking sys/time.h usability
configure:21096: gcc -c -g -O2  conftest.c >&5
configure:21102: $? = 0
configure:21106: test -z 
			 || test ! -s conftest.err
configure:21109: $? = 0
configure:21112: test -s conftest.o
configure:21115: $? = 0
configure:21125: result: yes
configure:21129: checking sys/time.h presence
configure:21139: gcc -E  conftest.c
configure:21145: $? = 0
configure:21165: result: yes
configure:21200: checking for sys/time.h
configure:21207: result: yes
configure:21075: checking for unistd.h
configure:21080: result: yes
configure:21222: checking whether byte ordering is bigendian
configure:21249: gcc -c -g -O2  conftest.c >&5
configure:21255: $? = 0
configure:21259: test -z 
			 || test ! -s conftest.err
configure:21262: $? = 0
configure:21265: test -s conftest.o
configure:21268: $? = 0
configure:21292: gcc -c -g -O2  conftest.c >&5
conftest.c: In function 'main':
conftest.c:42:2: error: unknown type name 'not'
  not big endian
  ^
conftest.c:42:10: error: expected '=', ',', ';', 'asm' or '__attribute__' before 'endian'
  not big endian
          ^
configure:21298: $? = 1
configure: failed program was:
| /* confdefs.h.  */
| 
| #define PACKAGE_NAME "zettair"
| #define PACKAGE_TARNAME "zettair"
| #define PACKAGE_VERSION "0.9.3"
| #define PACKAGE_STRING "zettair 0.9.3"
| #define PACKAGE_BUGREPORT "zettair@cs.rmit.edu.au"
| #define PACKAGE "zettair"
| #define VERSION "0.9.3"
| #define STDC_HEADERS 1
| #define HAVE_SYS_TYPES_H 1
| #define HAVE_SYS_STAT_H 1
| #define HAVE_STDLIB_H 1
| #define HAVE_STRING_H 1
| #define HAVE_MEMORY_H 1
| #define HAVE_STRINGS_H 1
| #define HAVE_INTTYPES_H 1
| #define HAVE_STDINT_H 1
| #define HAVE_UNISTD_H 1
| #define HAVE_DLFCN_H 1
| #ifdef __cplusplus
| extern "C" void exit (int) throw ();
| #endif
| #define STDC_HEADERS 1
| #define HAVE_FCNTL_H 1
| #define HAVE_FLOAT_H 1
| #define HAVE_LIMITS_H 1
| #define HAVE_MEMORY_H 1
| #define HAVE_STDLIB_H 1
| #define HAVE_STRING_H 1
| #define HAVE_STRINGS_H 1
| #define HAVE_SYS_TIME_H 1
| #define HAVE_UNISTD_H 1
| /* end confdefs.h.  */
| #include <sys/types.h>
| #include <sys/param.h>
| 
| int
| main ()
| {
| #if BYTE_ORDER != BIG_ENDIAN
|  not big endian
| #endif
| 
|   ;
|   return 0;
| }
configure:21433: result: no
configure:21453: checking for uint_fast32_t
configure:21477: gcc -c -g -O2  conftest.c >&5
configure:21483: $? = 0
configure:21487: test -z 
			 || test ! -s conftest.err
configure:21490: $? = 0
configure:21493: test -s conftest.o
configure:21496: $? = 0
configure:21507: result: yes
configure:21519: checking for uint32_t
configure:21543: gcc -c -g -O2  conftest.c >&5
configure:21549: $? = 0
configure:21553: test -z 
			 || test ! -s conftest.err
configure:21556: $? = 0
configure:21559: test -s conftest.o
configure:21562: $? = 0
configure:21573: result: yes
configure:21585: checking for uint16_t
configure:21609: gcc -c -g -O2  conftest.c >&5
configure:21615: $? = 0
configure:21619: test -z 
			 || test ! -s conftest.err
configure:21622: $? = 0
configure:21625: test -s conftest.o
configure:21628: $? = 0
configure:21639: result: yes
configure:21651: checking for uint8_t
configure:21675: gcc -c -g -O2  conftest.c >&5
configure:21681: $? = 0
configure:21685: test -z 
			 || test ! -s conftest.err
configure:21688: $? = 0
configure:21691: test -s conftest.o
configure:21694: $? = 0
configure:21705: result: yes
configure:21719: checking for an ANSI C-conforming const
configure:21786: gcc -c -g -O2  conftest.c >&5
configure:21792: $? = 0
configure:21796: test -z 
			 || test ! -s conftest.err
configure:21799: $? = 0
configure:21802: test -s conftest.o
configure:21805: $? = 0
configure:21816: result: yes
configure:21826: checking for size_t
configure:21850: gcc -c -g -O2  conftest.c >&5
configure:21856: $? = 0
configure:21860: test -z 
			 || test ! -s conftest.err
configure:21863: $? = 0
configure:21866: test -s conftest.o
configure:21869: $? = 0
configure:21880: result: yes
configure:21892: checking whether time.h and sys/time.h may both be included
configure:21917: gcc -c -g -O2  conftest.c >&5
configure:21923: $? = 0
configure:21927: test -z 
			 || test ! -s conftest.err
configure:21930: $? = 0
configure:21933: test -s conftest.o
configure:21936: $? = 0
configure:21947: result: yes
configure:21964: checking for stdlib.h
configure:21969: result: yes
configure:22109: checking for GNU libc compatible malloc
configure:22138: gcc -o conftest -g -O2   conftest.c  >&5
configure:22141: $? = 0
configure:22143: ./conftest
configure:22146: $? = 0
configure:22160: result: yes
configure:22190: checking for working memcmp
configure:22238: gcc -o conftest -g -O2   conftest.c  >&5
configure:22241: $? = 0
configure:22243: ./conftest
configure:22246: $? = 0
configure:22260: result: yes
configure:22276: checking for stdlib.h
configure:22281: result: yes
configure:22421: checking for GNU libc compatible realloc
configure:22450: gcc -o conftest -g -O2   conftest.c  >&5
configure:22453: $? = 0
configure:22455: ./conftest
configure:22458: $? = 0
configure:22472: result: yes
configure:22502: checking whether lstat dereferences a symlink specified with a trailing slash
configure:22533: gcc -o conftest -g -O2   conftest.c  >&5
configure:22536: $? = 0
configure:22538: ./conftest
configure:22541: $? = 0
configure:22562: result: yes
configure:22583: checking whether stat accepts an empty string
configure:22608: gcc -o conftest -g -O2   conftest.c  >&5
configure:22611: $? = 0
configure:22613: ./conftest
configure:22616: $? = 1
configure: program exited with status 1
configure: failed program was:
| /* confdefs.h.  */
| 
| #define PACKAGE_NAME "zettair"
| #define PACKAGE_TARNAME "zettair"
| #define PACKAGE_VERSION "0.9.3"
| #define PACKAGE_STRING "zettair 0.9.3"
| #define PACKAGE_BUGREPORT "zettair@cs.rmit.edu.au"
| #define PACKAGE "zettair"
| #define VERSION "0.9.3"
| #define STDC_HEADERS 1
| #define HAVE_SYS_TYPES_H 1
| #define HAVE_SYS_STAT_H 1
| #define HAVE_STDLIB_H 1
| #define HAVE_STRING_H 1
| #define HAVE_MEMORY_H 1
| #define HAVE_STRINGS_H 1
| #define HAVE_INTTYPES_H 1
| #define HAVE_STDINT_H 1
| #define HAVE_UNISTD_H 1
| #define HAVE_DLFCN_H 1
| #ifdef __cplusplus
| extern "C" void exit (int) throw ();
| #endif
| #define STDC_HEADERS 1
| #define HAVE_FCNTL_H 1
| #define HAVE_FLOAT_H 1
| #define HAVE_LIMITS_H 1
| #define HAVE_MEMORY_H 1
| #define HAVE_STDLIB_H 1
| #define HAVE_STRING_H 1
| #define HAVE_STRINGS_H 1
| #define HAVE_SYS_TIME_H 1
| #define HAVE_UNISTD_H 1
| #define TIME_WITH_SYS_TIME 1
| #define HAVE_STDLIB_H 1
| #define HAVE_MALLOC 1
| #define HAVE_STDLIB_H 1
| #define HAVE_REALLOC 1
| #define LSTAT_FOLLOWS_SLASHED_SYMLINK 1
| /* end confdefs.h.  */
| #include <stdio.h>
| #if HAVE_SYS_TYPES_H
| # include <sys/types.h>
| #endif
| #if HAVE_SYS_STAT_H
| # include <sys/stat.h>
| #endif
| #if STDC_HEADERS
| # include <stdlib.h>
| # include <stddef.h>
| #else
| # if HAVE_STDLIB_H
| #  include <stdlib.h>
| # endif
| #endif
| #if HAVE_STRING_H
| # if !STDC_HEADERS && HAVE_MEMORY_H
| #  include <memory.h>
| # endif
| # include <string.h>
| #endif
| #if HAVE_STRINGS_H
| # include <strings.h>
| #endif
| #if HAVE_INTTYPES_H
| # include <inttypes.h>
| #else
| # if HAVE_STDINT_H
| #  include <stdint.h>
| # endif
| #endif
| #if HAVE_UNISTD_H
| # include <unistd.h>
| #endif
| int
| main ()
| {
| struct stat sbuf;
|   exit (stat ("", &sbuf) ? 1 : 0);
|   ;
|   return 0;
| }
configure:22630: result: no
configure:22661: checking for getcwd
configure:22718: gcc -o conftest -g -O2   conftest.c  >&5
configure:22724: $? = 0
configure:22728: test -z 
			 || test ! -s conftest.err
configure:22731: $? = 0
configure:22734: test -s conftest
configure:22737: $? = 0
configure:22749: result: yes
configure:22661: checking for gettimeofday
configure:22718: gcc -o conftest -g -O2   conftest.c  >&5
configure:22724: $? = 0
configure:22728: test -z 
			 || test ! -s conftest.err
configure:22731: $? = 0
configure:22734: test -s conftest
configure:22737: $? = 0
configure:22749: result: yes
configure:22661: checking for memmove
configure:22718: gcc -o conftest -g -O2   conftest.c  >&5
conftest.c:67:6: warning: conflicting types for built-in function 'memmove'
 char memmove ();
      ^
configure:22724: $? = 0
configure:22728: test -z 
			 || test ! -s conftest.err
configure:22731: $? = 0
configure:22734: test -s conftest
configure:22737: $? = 0
configure:22749: result: yes
configure:22661: checking for memset
configure:22718: gcc -o conftest -g -O2   conftest.c  >&5
conftest.c:68:6: warning: conflicting types for built-in function 'memset'
 char memset ();
      ^
configure:22724: $? = 0
configure:22728: test -z 
			 || test ! -s conftest.err
configure:22731: $? = 0
configure:22734: test -s conftest
configure:22737: $? = 0
configure:22749: result: yes
configure:22661: checking for strcasecmp
configure:22718: gcc -o conftest -g -O2   conftest.c  >&5
conftest.c:69:6: warning: conflicting types for built-in function 'strcasecmp'
 char strcasecmp ();
      ^
configure:22724: $? = 0
configure:22728: test -z 
			 || test ! -s conftest.err
configure:22731: $? = 0
configure:22734: test -s conftest
configure:22737: $? = 0
configure:22749: result: yes
configure:22661: checking for strchr
configure:22718: gcc -o conftest -g -O2   conftest.c  >&5
conftest.c:70:6: warning: conflicting types for built-in function 'strchr'
 char strchr ();
      ^
configure:22724: $? = 0
configure:22728: test -z 
			 || test ! -s conftest.err
configure:22731: $? = 0
configure:22734: test -s conftest
configure:22737: $? = 0
configure:22749: result: yes
configure:22661: checking for strerror
configure:22718: gcc -o conftest -g -O2   conftest.c  >&5
configure:22724: $? = 0
configure:22728: test -z 
			 || test ! -s conftest.err
configure:22731: $? = 0
configure:22734: test -s conftest
configure:22737: $? = 0
configure:22749: result: yes
configure:22661: checking for strncasecmp
configure:22718: gcc -o conftest -g -O2   conftest.c  >&5
conftest.c:72:6: warning: conflicting types for built-in function 'strncasecmp'
 char strncasecmp ();
      ^
configure:22724: $? = 0
configure:22728: test -z 
			 || test ! -s conftest.err
configure:22731: $? = 0
configure:22734: test -s conftest
configure:22737: $? = 0
configure:22749: result: yes
configure:22661: checking for strrchr
configure:22718: gcc -o conftest -g -O2   conftest.c  >&5
conftest.c:73:6: warning: conflicting types for built-in function 'strrchr'
 char strrchr ();
      ^
configure:22724: $? = 0
configure:22728: test -z 
			 || test ! -s conftest.err
configure:22731: $? = 0
configure:22734: test -s conftest
configure:22737: $? = 0
configure:22749: result: yes
configure:22661: checking for strtol
configure:22718: gcc -o conftest -g -O2   conftest.c  >&5
configure:22724: $? = 0
configure:22728: test -z 
			 || test ! -s conftest.err
configure:22731: $? = 0
configure:22734: test -s conftest
configure:22737: $? = 0
configure:22749: result: yes
configure:22762: checking for deflate in -lz
configure:22792: gcc -o conftest -g -O2   conftest.c -lz   >&5
configure:22798: $? = 0
configure:22802: test -z 
			 || test ! -s conftest.err
configure:22805: $? = 0
configure:22808: test -s conftest
configure:22811: $? = 0
configure:22824: result: yes
configure:22836: checking for sqrt in -lm
configure:22866: gcc -o conftest -g -O2   conftest.c -lm  -lz  >&5
conftest.c:59:6: warning: conflicting types for built-in function 'sqrt'
 char sqrt ();
      ^
configure:22872: $? = 0
configure:22876: test -z 
			 || test ! -s conftest.err
configure:22879: $? = 0
configure:22882: test -s conftest
configure:22885: $? = 0
configure:22898: result: yes
configure:22910: checking for sqrtf in -lmx
configure:22940: gcc -o conftest -g -O2   conftest.c -lmx  -lm -lz  >&5
conftest.c:60:6: warning: conflicting types for built-in function 'sqrtf'
 char sqrtf ();
      ^
/usr/bin/ld: cannot find -lmx
collect2: error: ld returned 1 exit status
configure:22946: $? = 1
configure: failed program was:
| /* confdefs.h.  */
| 
| #define PACKAGE_NAME "zettair"
| #define PACKAGE_TARNAME "zettair"
| #define PACKAGE_VERSION "0.9.3"
| #define PACKAGE_STRING "zettair 0.9.3"
| #define PACKAGE_BUGREPORT "zettair@cs.rmit.edu.au"
| #define PACKAGE "zettair"
| #define VERSION "0.9.3"
| #define STDC_HEADERS 1
| #define HAVE_SYS_TYPES_H 1
| #define HAVE_SYS_STAT_H 1
| #define HAVE_STDLIB_H 1
| #define HAVE_STRING_H 1
| #define HAVE_MEMORY_H 1
| #define HAVE_STRINGS_H 1
| #define HAVE_INTTYPES_H 1
| #define HAVE_STDINT_H 1
| #define HAVE_UNISTD_H 1
| #define HAVE_DLFCN_H 1
| #ifdef __cplusplus
| extern "C" void exit (int) throw ();
| #endif
| #define STDC_HEADERS 1
| #define HAVE_FCNTL_H 1
| #define HAVE_FLOAT_H 1
| #define HAVE_LIMITS_H 1
| #define HAVE_MEMORY_H 1
| #define HAVE_STDLIB_H 1
| #define HAVE_STRING_H 1
| #define HAVE_STRINGS_H 1
| #define HAVE_SYS_TIME_H 1
| #define HAVE_UNISTD_H 1
| #define TIME_WITH_SYS_TIME 1
| #define HAVE_STDLIB_H 1
| #define HAVE_MALLOC 1
| #define HAVE_STDLIB_H 1
| #define HAVE_REALLOC 1
| #define LSTAT_FOLLOWS_SLASHED_SYMLINK 1
| #define HAVE_GETCWD 1
| #define HAVE_GETTIMEOFDAY 1
| #define HAVE_MEMMOVE 1
| #define HAVE_MEMSET 1
| #define HAVE_STRCASECMP 1
| #define HAVE_STRCHR 1
| #define HAVE_STRERROR 1
| #define HAVE_STRNCASECMP 1
| #define HAVE_STRRCHR 1
| #define HAVE_STRTOL 1
| #define HAVE_LIBZ 1
| #define HAVE_LIBM 1
| /* end confdefs.h.  */
| 
| /* Override any gcc2 internal prototype to avoid an error.  */
| #ifdef __cplusplus
| extern "C"
| #endif
| /* We use char because int might match the return type of a gcc2
|    builtin and then its argument prototype would still apply.  */
| char sqrtf ();
| int
| main ()
| {
| sqrtf ();
|   ;
|   return 0;
| }
configure:22972: result: no
configure:22985: checking for sqrtf in -lm
configure:23015: gcc -o conftest -g -O2   conftest.c -lm  -lm -lz  >&5
conftest.c:60:6: warning: conflicting types for built-in function 'sqrtf'
 char sqrtf ();
      ^
configure:23021: $? = 0
configure:23025: test -z 
			 || test ! -s conftest.err
configure:23028: $? = 0
configure:23031: test -s conftest
configure:23034: $? = 0
configure:23047: result: yes
configure:23207: creating ./config.status

## ---------------------- ##
## Running config.status. ##
## ---------------------- ##

This file was extended by zettair config.status 0.9.3, which was
generated by GNU Autoconf 2.59.  Invocation command line was

  CONFIG_FILES    = 
  CONFIG_HEADERS  = 
  CONFIG_LINKS    = 
  CONFIG_COMMANDS = 
  $ ./config.status 

on Thor

config.status:731: creating Makefile
config.status:835: creating src/include/config.h
config.status:1017: src/include/config.h is unchanged
config.status:1197: executing depfiles commands
configure:24665: creating ./config.status

## ---------------------- ##
## Running config.status. ##
## ---------------------- ##

This file was extended by zettair config.status 0.9.3, which was
generated by GNU Autoconf 2.59.  Invocation command line was

  CONFIG_FILES    = 
  CONFIG_HEADERS  = 
  CONFIG_LINKS    = 
  CONFIG_COMMANDS = 
  $ ./config.status 

on Thor

config.status:732: creating Makefile
config.status:732: creating setup.py
config.status:836: creating src/include/config.h
config.status:1018: src/include/config.h is unchanged
config.status:1198: executing depfiles commands

## ---------------- ##
## Cache variables. ##
## ---------------- ##

ac_cv_build=x86_64-unknown-linux-gnu
ac_cv_build_alias=x86_64-unknown-linux-gnu
ac_cv_c_bigendian=no
ac_cv_c_compiler_gnu=yes
ac_cv_c_const=yes
ac_cv_cxx_compiler_gnu=yes
ac_cv_env_CC_set=
ac_cv_env_CC_value=
ac_cv_env_CFLAGS_set=
ac_cv_env_CFLAGS_value=
ac_cv_env_CPPFLAGS_set=
ac_cv_env_CPPFLAGS_value=
ac_cv_env_CPP_set=
ac_cv_env_CPP_value=
ac_cv_env_CXXCPP_set=
ac_cv_env_CXXCPP_value=
ac_cv_env_CXXFLAGS_set=
ac_cv_env_CXXFLAGS_value=
ac_cv_env_CXX_set=
ac_cv_env_CXX_value=
ac_cv_env_F77_set=
ac_cv_env_F77_value=
ac_cv_env_FFLAGS_set=
ac_cv_env_FFLAGS_value=
ac_cv_env_LDFLAGS_set=
ac_cv_env_LDFLAGS_value=
ac_cv_env_build_alias_set=
ac_cv_env_build_alias_value=
ac_cv_env_host_alias_set=
ac_cv_env_host_alias_value=
ac_cv_env_target_alias_set=
ac_cv_env_target_alias_value=
ac_cv_exeext=
ac_cv_f77_compiler_gnu=no
ac_cv_func_getcwd=yes
ac_cv_func_gettimeofday=yes
ac_cv_func_lstat_dereferences_slashed_symlink=yes
ac_cv_func_malloc_0_nonnull=yes
ac_cv_func_memcmp_working=yes
ac_cv_func_memmove=yes
ac_cv_func_memset=yes
ac_cv_func_realloc_0_nonnull=yes
ac_cv_func_stat_empty_string_bug=no
ac_cv_func_strcasecmp=yes
ac_cv_func_strchr=yes
ac_cv_func_strerror=yes
ac_cv_func_strncasecmp=yes
ac_cv_func_strrchr=yes
ac_cv_func_strtol=yes
ac_cv_header_dlfcn_h=yes
ac_cv_header_fcntl_h=yes
ac_cv_header_float_h=yes
ac_cv_header_inttypes_h=yes
ac_cv_header_limits_h=yes
ac_cv_header_memory_h=yes
ac_cv_header_stdc=yes
ac_cv_header_stdint_h=yes
ac_cv_header_stdlib_h=yes
ac_cv_header_string_h=yes
ac_cv_header_strings_h=yes
ac_cv_header_sys_stat_h=yes
ac_cv_header_sys_time_h=yes
ac_cv_header_sys_types_h=yes
ac_cv_header_time=yes
ac_cv_header_unistd_h=yes
ac_cv_host=x86_64-unknown-linux-gnu
ac_cv_host_alias=x86_64-unknown-linux-gnu
ac_cv_lib_m_sqrt=yes
ac_cv_lib_m_sqrtf=yes
ac_cv_lib_mx_sqrtf=no
ac_cv_lib_z_deflate=yes
ac_cv_objext=o
ac_cv_path_PYTHON=/home/rgaio/anaconda2/bin/python
ac_cv_path_install='/usr/bin/install -c'
ac_cv_prog_AWK=mawk
ac_cv_prog_CPP='gcc -E'
ac_cv_prog_CXXCPP='g++ -E'
ac_cv_prog_ac_ct_AR=ar
ac_cv_prog_ac_ct_CC=gcc
ac_cv_prog_ac_ct_CXX=g++
ac_cv_prog_ac_ct_RANLIB=ranlib
ac_cv_prog_ac_ct_STRIP=strip
ac_cv_prog_cc_g=yes
ac_cv_prog_cc_gcc_c_o=yes
ac_cv_prog_cc_stdc=
ac_cv_prog_cxx_g=yes
ac_cv_prog_egrep='grep -E'
ac_cv_prog_f77_g=no
ac_cv_prog_make_make_set=yes
ac_cv_target=x86_64-unknown-linux-gnu
ac_cv_target_alias=x86_64-unknown-linux-gnu
ac_cv_type_size_t=yes
ac_cv_type_uint16_t=yes
ac_cv_type_uint32_t=yes
ac_cv_type_uint8_t=yes
ac_cv_type_uint_fast32_t=yes
am_cv_CC_dependencies_compiler_type=gcc3
am_cv_CXX_dependencies_compiler_type=gcc3
am_cv_pathless_PYTHON=python
am_cv_python_platform=linux2
am_cv_python_pyexecdir='${exec_prefix}/lib/python2.7/site-packages'
am_cv_python_pythondir='${prefix}/lib/python2.7/site-packages'
am_cv_python_version=2.7
lt_cv_deplibs_check_method=pass_all
lt_cv_file_magic_cmd='$MAGIC_CMD'
lt_cv_file_magic_test_file='/lib/libc.so* /lib/libc-*.so'
lt_cv_ld_reload_flag=-r
lt_cv_objdir=.libs
lt_cv_path_LD=/usr/bin/ld
lt_cv_path_LDCXX='/usr/bin/ld -m elf_x86_64'
lt_cv_path_NM='/usr/bin/nm -B'
lt_cv_path_SED=/bin/sed
lt_cv_prog_compiler_c_o=yes
lt_cv_prog_compiler_c_o_CXX=yes
lt_cv_prog_compiler_rtti_exceptions=no
lt_cv_prog_gnu_ld=yes
lt_cv_prog_gnu_ldcxx=yes
lt_cv_sys_global_symbol_pipe='sed -n -e '\''s/^.*[ 	]\([ABCDGIRSTW][ABCDGIRSTW]*\)[ 	][ 	]*\(\)\([_A-Za-z][_A-Za-z0-9]*\)$/\1 \2\3 \3/p'\'''
lt_cv_sys_global_symbol_to_c_name_address='sed -n -e '\''s/^: \([^ ]*\) $/  {\"\1\", (lt_ptr) 0},/p'\'' -e '\''s/^[BCDEGRST] \([^ ]*\) \([^ ]*\)$/  {"\2", (lt_ptr) \&\2},/p'\'''
lt_cv_sys_global_symbol_to_cdecl='sed -n -e '\''s/^. .* \(.*\)$/extern int \1;/p'\'''
lt_cv_sys_max_cmd_len=32768
lt_lt_cv_prog_compiler_c_o='"yes"'
lt_lt_cv_prog_compiler_c_o_CXX='"yes"'
lt_lt_cv_sys_global_symbol_pipe='"sed -n -e '\''s/^.*[ 	]\\([ABCDGIRSTW][ABCDGIRSTW]*\\)[ 	][ 	]*\\(\\)\\([_A-Za-z][_A-Za-z0-9]*\\)\$/\\1 \\2\\3 \\3/p'\''"'
lt_lt_cv_sys_global_symbol_to_c_name_address='"sed -n -e '\''s/^: \\([^ ]*\\) \$/  {\\\"\\1\\\", (lt_ptr) 0},/p'\'' -e '\''s/^[BCDEGRST] \\([^ ]*\\) \\([^ ]*\\)\$/  {\"\\2\", (lt_ptr) \\&\\2},/p'\''"'
lt_lt_cv_sys_global_symbol_to_cdecl='"sed -n -e '\''s/^. .* \\(.*\\)\$/extern int \\1;/p'\''"'

## ----------------- ##
## Output variables. ##
## ----------------- ##

ACLOCAL='${SHELL} /home/rgaio/Desktop/ufrj/rec_info/trabalho1/zettair-0.9.3/missing --run aclocal-1.9'
AMDEPBACKSLASH='\'
AMDEP_FALSE='#'
AMDEP_TRUE=''
AMTAR='${SHELL} /home/rgaio/Desktop/ufrj/rec_info/trabalho1/zettair-0.9.3/missing --run tar'
AR='ar'
AUTOCONF='${SHELL} /home/rgaio/Desktop/ufrj/rec_info/trabalho1/zettair-0.9.3/missing --run autoconf'
AUTOHEADER='${SHELL} /home/rgaio/Desktop/ufrj/rec_info/trabalho1/zettair-0.9.3/missing --run autoheader'
AUTOMAKE='${SHELL} /home/rgaio/Desktop/ufrj/rec_info/trabalho1/zettair-0.9.3/missing --run automake-1.9'
AWK='mawk'
CC='gcc'
CCDEPMODE='depmode=gcc3'
CFLAGS='-g -O2'
CPP='gcc -E'
CPPFLAGS=''
CXX='g++'
CXXCPP='g++ -E'
CXXDEPMODE='depmode=gcc3'
CXXFLAGS='-g -O2'
CYGPATH_W='echo'
DEFS='-DHAVE_CONFIG_H'
DEPDIR='.deps'
ECHO='echo'
ECHO_C=''
ECHO_N='-n'
ECHO_T=''
EGREP='grep -E'
EXEEXT=''
F77=''
FFLAGS=''
HAVE_PYTHON_FALSE='#'
HAVE_PYTHON_TRUE=''
INSTALL_DATA='${INSTALL} -m 644'
INSTALL_PROGRAM='${INSTALL}'
INSTALL_SCRIPT='${INSTALL}'
INSTALL_STRIP_PROGRAM='${SHELL} $(install_sh) -c -s'
LDFLAGS=''
LIBOBJS=''
LIBS='-lm -lz '
LIBTOOL='$(SHELL) $(top_builddir)/libtool'
LN_S='ln -s'
LTLIBOBJS=''
MAKEINFO='${SHELL} /home/rgaio/Desktop/ufrj/rec_info/trabalho1/zettair-0.9.3/missing --run makeinfo'
OBJEXT='o'
OS='LINUX'
OSINCLUDE='linux'
PACKAGE='zettair'
PACKAGE_BUGREPORT='zettair@cs.rmit.edu.au'
PACKAGE_NAME='zettair'
PACKAGE_STRING='zettair 0.9.3'
PACKAGE_TARNAME='zettair'
PACKAGE_VERSION='0.9.3'
PATH_SEPARATOR=':'
PYTHON='/home/rgaio/anaconda2/bin/python'
PYTHON_EXEC_PREFIX='${exec_prefix}'
PYTHON_PLATFORM='linux2'
PYTHON_PREFIX='${prefix}'
PYTHON_VERSION='2.7'
RANLIB='ranlib'
SET_MAKE=''
SHELL='/bin/bash'
STRIP='strip'
VERSION='0.9.3'
ac_ct_AR='ar'
ac_ct_CC='gcc'
ac_ct_CXX='g++'
ac_ct_F77=''
ac_ct_RANLIB='ranlib'
ac_ct_STRIP='strip'
am__fastdepCC_FALSE='#'
am__fastdepCC_TRUE=''
am__fastdepCXX_FALSE='#'
am__fastdepCXX_TRUE=''
am__include='include'
am__leading_dot='.'
am__quote=''
am__tar='${AMTAR} chof - "$$tardir"'
am__untar='${AMTAR} xf -'
bindir='${exec_prefix}/bin'
build='x86_64-unknown-linux-gnu'
build_alias=''
build_cpu='x86_64'
build_os='linux-gnu'
build_vendor='unknown'
datadir='${prefix}/share'
exec_prefix='${prefix}'
host='x86_64-unknown-linux-gnu'
host_alias=''
host_cpu='x86_64'
host_os='linux-gnu'
host_vendor='unknown'
includedir='${prefix}/include'
infodir='${prefix}/info'
install_sh='/home/rgaio/Desktop/ufrj/rec_info/trabalho1/zettair-0.9.3/install-sh'
libdir='${exec_prefix}/lib'
libexecdir='${exec_prefix}/libexec'
localstatedir='${prefix}/var'
mandir='${prefix}/man'
mkdir_p='mkdir -p --'
oldincludedir='/usr/include'
pkgpyexecdir='${pyexecdir}/zettair'
pkgpythondir='${pythondir}/zettair'
prefix='/usr/local'
program_transform_name='s,x,x,'
pyexecdir='${exec_prefix}/lib/python2.7/site-packages'
pythondir='${prefix}/lib/python2.7/site-packages'
sbindir='${exec_prefix}/sbin'
sharedstatedir='${prefix}/com'
sysconfdir='${prefix}/etc'
target='x86_64-unknown-linux-gnu'
target_alias=''
target_cpu='x86_64'
target_os='linux-gnu'
target_vendor='unknown'

## ----------- ##
## confdefs.h. ##
## ----------- ##

#define HAVE_DLFCN_H 1
#define HAVE_FCNTL_H 1
#define HAVE_FLOAT_H 1
#define HAVE_GETCWD 1
#define HAVE_GETTIMEOFDAY 1
#define HAVE_INTTYPES_H 1
#define HAVE_LIBM 1
#define HAVE_LIBZ 1
#define HAVE_LIMITS_H 1
#define HAVE_MALLOC 1
#define HAVE_MEMMOVE 1
#define HAVE_MEMORY_H 1
#define HAVE_MEMORY_H 1
#define HAVE_MEMSET 1
#define HAVE_REALLOC 1
#define HAVE_STDINT_H 1
#define HAVE_STDLIB_H 1
#define HAVE_STDLIB_H 1
#define HAVE_STDLIB_H 1
#define HAVE_STDLIB_H 1
#define HAVE_STRCASECMP 1
#define HAVE_STRCHR 1
#define HAVE_STRERROR 1
#define HAVE_STRINGS_H 1
#define HAVE_STRINGS_H 1
#define HAVE_STRING_H 1
#define HAVE_STRING_H 1
#define HAVE_STRNCASECMP 1
#define HAVE_STRRCHR 1
#define HAVE_STRTOL 1
#define HAVE_SYS_STAT_H 1
#define HAVE_SYS_TIME_H 1
#define HAVE_SYS_TYPES_H 1
#define HAVE_UNISTD_H 1
#define HAVE_UNISTD_H 1
#define LSTAT_FOLLOWS_SLASHED_SYMLINK 1
#define PACKAGE "zettair"
#define PACKAGE_BUGREPORT "zettair@cs.rmit.edu.au"
#define PACKAGE_NAME "zettair"
#define PACKAGE_STRING "zettair 0.9.3"
#define PACKAGE_TARNAME "zettair"
#define PACKAGE_VERSION "0.9.3"
#define STDC_HEADERS 1
#define STDC_HEADERS 1
#define TIME_WITH_SYS_TIME 1
#define VERSION "0.9.3"
#endif
#ifdef __cplusplus
extern "C" void exit (int) throw ();

configure: exit 0
